Object has been placed at (0,2)
 y\x  0 1 2 3 4 5 6 7
  8: -----------------
  7: | | | | | | |*| |
  6: | | | | | | | |*|
  5: | | | | | | | | |
  4: | | | | | | | | |
  3: | | | | | | | |*|
  2: |N| | | |*| | | |
  1: | | | | | |*| | |
  0: | |*| | | | | | |
 -1: -----------------

Object has been placed at (5,5)
 y\x  0 1 2 3 4 5 6 7
  8: -----------------
  7: | | | | | | |*| |
  6: | | | | | | | |*|
  5: | | | | | |N| | |
  4: | | | | | | | | |
  3: | | | | | | | |*|
  2: |N| | | |*| | | |
  1: | | | | | |*| | |
  0: | |*| | | | | | |
 -1: -----------------

Object has been placed at (10,10)
 y\x  0 1 2 3 4 5 6 7 8 910
 11: -----------------------
 10: | | | | | | | | | | |N|
  9: | | | | | | | | | | | |
  8: | | | | | | | | | | | |
  7: | | | | | | |*| | | | |
  6: | | | | | | | |*| | | |
  5: | | | | | |N| | | | | |
  4: | | | | | | | | | | | |
  3: | | | | | | | |*| | | |
  2: |N| | | |*| | | | | | |
  1: | | | | | |*| | | | | |
  0: | |*| | | | | | | | | |
 -1: -----------------------

Object has been placed at (3,7)
 y\x  0 1 2 3 4 5 6 7 8 910
 11: -----------------------
 10: | | | | | | | | | | |N|
  9: | | | | | | | | | | | |
  8: | | | | | | | | | | | |
  7: | | | |N| | |*| | | | |
  6: | | | | | | | |*| | | |
  5: | | | | | |N| | | | | |
  4: | | | | | | | | | | | |
  3: | | | | | | | |*| | | |
  2: |N| | | |*| | | | | | |
  1: | | | | | |*| | | | | |
  0: | |*| | | | | | | | | |
 -1: -----------------------

Object in position (0,2) moved to (0,3)
 y\x  0 1 2 3 4 5 6 7 8 910
 11: -----------------------
 10: | | | | | | | | | | |N|
  9: | | | | | | | | | | | |
  8: | | | | | | | | | | | |
  7: | | | |N| | |*| | | | |
  6: | | | | | | | |*| | | |
  5: | | | | | |N| | | | | |
  4: | | | | | | | | | | | |
  3: |N| | | | | | |*| | | |
  2: | | | | |*| | | | | | |
  1: | | | | | |*| | | | | |
  0: | |*| | | | | | | | | |
 -1: -----------------------

Object in position (5,5) moved to (5,6)
 y\x  0 1 2 3 4 5 6 7 8 910
 11: -----------------------
 10: | | | | | | | | | | |N|
  9: | | | | | | | | | | | |
  8: | | | | | | | | | | | |
  7: | | | |N| | |*| | | | |
  6: | | | | | |N| |*| | | |
  5: | | | | | | | | | | | |
  4: | | | | | | | | | | | |
  3: |N| | | | | | |*| | | |
  2: | | | | |*| | | | | | |
  1: | | | | | |*| | | | | |
  0: | |*| | | | | | | | | |
 -1: -----------------------

Object in position (10,10) moved to (10,11)
 y\x  0 1 2 3 4 5 6 7 8 910
 12: -----------------------
 11: | | | | | | | | | | |N|
 10: | | | | | | | | | | | |
  9: | | | | | | | | | | | |
  8: | | | | | | | | | | | |
  7: | | | |N| | |*| | | | |
  6: | | | | | |N| |*| | | |
  5: | | | | | | | | | | | |
  4: | | | | | | | | | | | |
  3: |N| | | | | | |*| | | |
  2: | | | | |*| | | | | | |
  1: | | | | | |*| | | | | |
  0: | |*| | | | | | | | | |
 -1: -----------------------

Object in position (3,7) moved to (3,8)
 y\x  0 1 2 3 4 5 6 7 8 910
 12: -----------------------
 11: | | | | | | | | | | |N|
 10: | | | | | | | | | | | |
  9: | | | | | | | | | | | |
  8: | | | |N| | | | | | | |
  7: | | | | | | |*| | | | |
  6: | | | | | |N| |*| | | |
  5: | | | | | | | | | | | |
  4: | | | | | | | | | | | |
  3: |N| | | | | | |*| | | |
  2: | | | | |*| | | | | | |
  1: | | | | | |*| | | | | |
  0: | |*| | | | | | | | | |
 -1: -----------------------

Object in position (0,3) moved to (0,4)
 y\x  0 1 2 3 4 5 6 7 8 910
 12: -----------------------
 11: | | | | | | | | | | |N|
 10: | | | | | | | | | | | |
  9: | | | | | | | | | | | |
  8: | | | |N| | | | | | | |
  7: | | | | | | |*| | | | |
  6: | | | | | |N| |*| | | |
  5: | | | | | | | | | | | |
  4: |N| | | | | | | | | | |
  3: | | | | | | | |*| | | |
  2: | | | | |*| | | | | | |
  1: | | | | | |*| | | | | |
  0: | |*| | | | | | | | | |
 -1: -----------------------

Object in position (5,6) moved to (5,5)
 y\x  0 1 2 3 4 5 6 7 8 910
 12: -----------------------
 11: | | | | | | | | | | |N|
 10: | | | | | | | | | | | |
  9: | | | | | | | | | | | |
  8: | | | |N| | | | | | | |
  7: | | | | | | |*| | | | |
  6: | | | | | | | |*| | | |
  5: | | | | | |N| | | | | |
  4: |N| | | | | | | | | | |
  3: | | | | | | | |*| | | |
  2: | | | | |*| | | | | | |
  1: | | | | | |*| | | | | |
  0: | |*| | | | | | | | | |
 -1: -----------------------

Object in position (10,11) rotated from Północ to Wschód
 y\x  0 1 2 3 4 5 6 7 8 910
 12: -----------------------
 11: | | | | | | | | | | |E|
 10: | | | | | | | | | | | |
  9: | | | | | | | | | | | |
  8: | | | |N| | | | | | | |
  7: | | | | | | |*| | | | |
  6: | | | | | | | |*| | | |
  5: | | | | | |N| | | | | |
  4: |N| | | | | | | | | | |
  3: | | | | | | | |*| | | |
  2: | | | | |*| | | | | | |
  1: | | | | | |*| | | | | |
  0: | |*| | | | | | | | | |
 -1: -----------------------

Object in position (3,8) rotated from Północ to Zachód
 y\x  0 1 2 3 4 5 6 7 8 910
 12: -----------------------
 11: | | | | | | | | | | |E|
 10: | | | | | | | | | | | |
  9: | | | | | | | | | | | |
  8: | | | |W| | | | | | | |
  7: | | | | | | |*| | | | |
  6: | | | | | | | |*| | | |
  5: | | | | | |N| | | | | |
  4: |N| | | | | | | | | | |
  3: | | | | | | | |*| | | |
  2: | | | | |*| | | | | | |
  1: | | | | | |*| | | | | |
  0: | |*| | | | | | | | | |
 -1: -----------------------

Object in position (0,4) rotated from Północ to Wschód
 y\x  0 1 2 3 4 5 6 7 8 910
 12: -----------------------
 11: | | | | | | | | | | |E|
 10: | | | | | | | | | | | |
  9: | | | | | | | | | | | |
  8: | | | |W| | | | | | | |
  7: | | | | | | |*| | | | |
  6: | | | | | | | |*| | | |
  5: | | | | | |N| | | | | |
  4: |E| | | | | | | | | | |
  3: | | | | | | | |*| | | |
  2: | | | | |*| | | | | | |
  1: | | | | | |*| | | | | |
  0: | |*| | | | | | | | | |
 -1: -----------------------

Object in position (5,5) rotated from Północ to Wschód
 y\x  0 1 2 3 4 5 6 7 8 910
 12: -----------------------
 11: | | | | | | | | | | |E|
 10: | | | | | | | | | | | |
  9: | | | | | | | | | | | |
  8: | | | |W| | | | | | | |
  7: | | | | | | |*| | | | |
  6: | | | | | | | |*| | | |
  5: | | | | | |E| | | | | |
  4: |E| | | | | | | | | | |
  3: | | | | | | | |*| | | |
  2: | | | | |*| | | | | | |
  1: | | | | | |*| | | | | |
  0: | |*| | | | | | | | | |
 -1: -----------------------

Object in position (10,11) rotated from Wschód to Południe
 y\x  0 1 2 3 4 5 6 7 8 910
 12: -----------------------
 11: | | | | | | | | | | |S|
 10: | | | | | | | | | | | |
  9: | | | | | | | | | | | |
  8: | | | |W| | | | | | | |
  7: | | | | | | |*| | | | |
  6: | | | | | | | |*| | | |
  5: | | | | | |E| | | | | |
  4: |E| | | | | | | | | | |
  3: | | | | | | | |*| | | |
  2: | | | | |*| | | | | | |
  1: | | | | | |*| | | | | |
  0: | |*| | | | | | | | | |
 -1: -----------------------

Object in position (3,8) rotated from Zachód to Północ
 y\x  0 1 2 3 4 5 6 7 8 910
 12: -----------------------
 11: | | | | | | | | | | |S|
 10: | | | | | | | | | | | |
  9: | | | | | | | | | | | |
  8: | | | |N| | | | | | | |
  7: | | | | | | |*| | | | |
  6: | | | | | | | |*| | | |
  5: | | | | | |E| | | | | |
  4: |E| | | | | | | | | | |
  3: | | | | | | | |*| | | |
  2: | | | | |*| | | | | | |
  1: | | | | | |*| | | | | |
  0: | |*| | | | | | | | | |
 -1: -----------------------

Object in position (0,4) moved to (1,4)
 y\x  1 2 3 4 5 6 7 8 910
 12: ---------------------
 11: | | | | | | | | | |S|
 10: | | | | | | | | | | |
  9: | | | | | | | | | | |
  8: | | |N| | | | | | | |
  7: | | | | | |*| | | | |
  6: | | | | | | |*| | | |
  5: | | | | |E| | | | | |
  4: |E| | | | | | | | | |
  3: | | | | | | |*| | | |
  2: | | | |*| | | | | | |
  1: | | | | |*| | | | | |
  0: |*| | | | | | | | | |
 -1: ---------------------

Object in position (5,5) moved to (6,5)
 y\x  1 2 3 4 5 6 7 8 910
 12: ---------------------
 11: | | | | | | | | | |S|
 10: | | | | | | | | | | |
  9: | | | | | | | | | | |
  8: | | |N| | | | | | | |
  7: | | | | | |*| | | | |
  6: | | | | | | |*| | | |
  5: | | | | | |E| | | | |
  4: |E| | | | | | | | | |
  3: | | | | | | |*| | | |
  2: | | | |*| | | | | | |
  1: | | | | |*| | | | | |
  0: |*| | | | | | | | | |
 -1: ---------------------

Object in position (10,11) moved to (10,10)
 y\x  1 2 3 4 5 6 7 8 910
 11: ---------------------
 10: | | | | | | | | | |S|
  9: | | | | | | | | | | |
  8: | | |N| | | | | | | |
  7: | | | | | |*| | | | |
  6: | | | | | | |*| | | |
  5: | | | | | |E| | | | |
  4: |E| | | | | | | | | |
  3: | | | | | | |*| | | |
  2: | | | |*| | | | | | |
  1: | | | | |*| | | | | |
  0: |*| | | | | | | | | |
 -1: ---------------------

Object in position (3,8) moved to (3,9)
 y\x  1 2 3 4 5 6 7 8 910
 11: ---------------------
 10: | | | | | | | | | |S|
  9: | | |N| | | | | | | |
  8: | | | | | | | | | | |
  7: | | | | | |*| | | | |
  6: | | | | | | |*| | | |
  5: | | | | | |E| | | | |
  4: |E| | | | | | | | | |
  3: | | | | | | |*| | | |
  2: | | | |*| | | | | | |
  1: | | | | |*| | | | | |
  0: |*| | | | | | | | | |
 -1: ---------------------

Object in position (1,4) moved to (2,4)
 y\x  1 2 3 4 5 6 7 8 910
 11: ---------------------
 10: | | | | | | | | | |S|
  9: | | |N| | | | | | | |
  8: | | | | | | | | | | |
  7: | | | | | |*| | | | |
  6: | | | | | | |*| | | |
  5: | | | | | |E| | | | |
  4: | |E| | | | | | | | |
  3: | | | | | | |*| | | |
  2: | | | |*| | | | | | |
  1: | | | | |*| | | | | |
  0: |*| | | | | | | | | |
 -1: ---------------------

